# JRE version: Java(TM) SE Runtime Environment (7.0_45-b18) (build 1.7.0_45-b18)
# Java VM: Java HotSpot(TM) 64-Bit Server VM (24.45-b08 mixed mode windows-amd64 compressed oops)
Heap
 PSYoungGen      total 28672K, used 28383K [0x00000000e0100000, 0x00000000e2100000, 0x0000000100000000)
  eden space 24576K, 99% used [0x00000000e0100000,0x00000000e18d0748,0x00000000e1900000)
  from space 4096K, 97% used [0x00000000e1d00000,0x00000000e20e7778,0x00000000e2100000)
  to   space 4096K, 0% used [0x00000000e1900000,0x00000000e1900000,0x00000000e1d00000)
 ParOldGen       total 65024K, used 21845K [0x00000000a0400000, 0x00000000a4380000, 0x00000000e0100000)
  object space 65024K, 33% used [0x00000000a0400000,0x00000000a1955648,0x00000000a4380000)
 PSPermGen       total 21504K, used 9137K [0x000000009b200000, 0x000000009c700000, 0x00000000a0400000)
  object space 21504K, 42% used [0x000000009b200000,0x000000009baec5d8,0x000000009c700000)
GC Heap History (4 events):
Event: 0.995 GC heap before
{Heap before GC invocations=1 (full 0):
 PSYoungGen      total 28672K, used 24576K [0x00000000e0100000, 0x00000000e2100000, 0x0000000100000000)
  eden space 24576K, 100% used [0x00000000e0100000,0x00000000e1900000,0x00000000e1900000)
  from space 4096K, 0% used [0x00000000e1d00000,0x00000000e1d00000,0x00000000e2100000)
  to   space 4096K, 0% used [0x00000000e1900000,0x00000000e1900000,0x00000000e1d00000)
 ParOldGen       total 65024K, used 0K [0x00000000a0400000, 0x00000000a4380000, 0x00000000e0100000)
  object space 65024K, 0% used [0x00000000a0400000,0x00000000a0400000,0x00000000a4380000)
 PSPermGen       total 21504K, used 8509K [0x000000009b200000, 0x000000009c700000, 0x00000000a0400000)
  object space 21504K, 39% used [0x000000009b200000,0x000000009ba4f7b0,0x000000009c700000)
Event: 1.002 GC heap after
Heap after GC invocations=1 (full 0):
 PSYoungGen      total 28672K, used 4081K [0x00000000e0100000, 0x00000000e2100000, 0x0000000100000000)
  eden space 24576K, 0% used [0x00000000e0100000,0x00000000e0100000,0x00000000e1900000)
  from space 4096K, 99% used [0x00000000e1900000,0x00000000e1cfc7b0,0x00000000e1d00000)
  to   space 4096K, 0% used [0x00000000e1d00000,0x00000000e1d00000,0x00000000e2100000)
 ParOldGen       total 65024K, used 8871K [0x00000000a0400000, 0x00000000a4380000, 0x00000000e0100000)
  object space 65024K, 13% used [0x00000000a0400000,0x00000000a0ca9df8,0x00000000a4380000)
 PSPermGen       total 21504K, used 8509K [0x000000009b200000, 0x000000009c700000, 0x00000000a0400000)
  object space 21504K, 39% used [0x000000009b200000,0x000000009ba4f7b0,0x000000009c700000)
}
Event: 1.612 GC heap before
{Heap before GC invocations=2 (full 0):
 PSYoungGen      total 28672K, used 28657K [0x00000000e0100000, 0x00000000e2100000, 0x0000000100000000)
  eden space 24576K, 100% used [0x00000000e0100000,0x00000000e1900000,0x00000000e1900000)
  from space 4096K, 99% used [0x00000000e1900000,0x00000000e1cfc7b0,0x00000000e1d00000)
  to   space 4096K, 0% used [0x00000000e1d00000,0x00000000e1d00000,0x00000000e2100000)
 ParOldGen       total 65024K, used 8871K [0x00000000a0400000, 0x00000000a4380000, 0x00000000e0100000)
  object space 65024K, 13% used [0x00000000a0400000,0x00000000a0ca9df8,0x00000000a4380000)
 PSPermGen       total 21504K, used 8559K [0x000000009b200000, 0x000000009c700000, 0x00000000a0400000)
  object space 21504K, 39% used [0x000000009b200000,0x000000009ba5bf70,0x000000009c700000)
Event: 1.618 GC heap after
Heap after GC invocations=2 (full 0):
 PSYoungGen      total 28672K, used 3997K [0x00000000e0100000, 0x00000000e2100000, 0x0000000100000000)
  eden space 24576K, 0% used [0x00000000e0100000,0x00000000e0100000,0x00000000e1900000)
  from space 4096K, 97% used [0x00000000e1d00000,0x00000000e20e7778,0x00000000e2100000)
  to   space 4096K, 0% used [0x00000000e1900000,0x00000000e1900000,0x00000000e1d00000)
 ParOldGen       total 65024K, used 21845K [0x00000000a0400000, 0x00000000a4380000, 0x00000000e0100000)
  object space 65024K, 33% used [0x00000000a0400000,0x00000000a1955648,0x00000000a4380000)
 PSPermGen       total 21504K, used 8559K [0x000000009b200000, 0x000000009c700000, 0x00000000a0400000)
  object space 21504K, 39% used [0x000000009b200000,0x000000009ba5bf70,0x000000009c700000)
}

