# JRE version: Java(TM) SE Runtime Environment (7.0_40-b43) (build 1.7.0_40-b43)
# Java VM: Java HotSpot(TM) 64-Bit Server VM (24.0-b56 mixed mode windows-amd64 compressed oops)
Heap
 PSYoungGen      total 53760K, used 30493K [0x00000000e0900000, 0x00000000e4100000, 0x0000000100000000)
  eden space 50176K, 53% used [0x00000000e0900000,0x00000000e2347dc0,0x00000000e3a00000)
  from space 3584K, 99% used [0x00000000e3d80000,0x00000000e40ff798,0x00000000e4100000)
  to   space 3584K, 0% used [0x00000000e3a00000,0x00000000e3a00000,0x00000000e3d80000)
 ParOldGen       total 64000K, used 24319K [0x00000000a1c00000, 0x00000000a5a80000, 0x00000000e0900000)
  object space 64000K, 37% used [0x00000000a1c00000,0x00000000a33bfe30,0x00000000a5a80000)
 PSPermGen       total 21504K, used 9140K [0x000000009ca00000, 0x000000009df00000, 0x00000000a1c00000)
  object space 21504K, 42% used [0x000000009ca00000,0x000000009d2ed038,0x000000009df00000)
GC Heap History (4 events):
Event: 1.967 GC heap before
{Heap before GC invocations=1 (full 0):
 PSYoungGen      total 28672K, used 25088K [0x00000000e0900000, 0x00000000e2880000, 0x0000000100000000)
  eden space 25088K, 100% used [0x00000000e0900000,0x00000000e2180000,0x00000000e2180000)
  from space 3584K, 0% used [0x00000000e2500000,0x00000000e2500000,0x00000000e2880000)
  to   space 3584K, 0% used [0x00000000e2180000,0x00000000e2180000,0x00000000e2500000)
 ParOldGen       total 64000K, used 0K [0x00000000a1c00000, 0x00000000a5a80000, 0x00000000e0900000)
  object space 64000K, 0% used [0x00000000a1c00000,0x00000000a1c00000,0x00000000a5a80000)
 PSPermGen       total 21504K, used 8490K [0x000000009ca00000, 0x000000009df00000, 0x00000000a1c00000)
  object space 21504K, 39% used [0x000000009ca00000,0x000000009d24a970,0x000000009df00000)
Event: 1.997 GC heap after
Heap after GC invocations=1 (full 0):
 PSYoungGen      total 28672K, used 3574K [0x00000000e0900000, 0x00000000e4100000, 0x0000000100000000)
  eden space 25088K, 0% used [0x00000000e0900000,0x00000000e0900000,0x00000000e2180000)
  from space 3584K, 99% used [0x00000000e2180000,0x00000000e24fdb28,0x00000000e2500000)
  to   space 3584K, 0% used [0x00000000e3d80000,0x00000000e3d80000,0x00000000e4100000)
 ParOldGen       total 64000K, used 16061K [0x00000000a1c00000, 0x00000000a5a80000, 0x00000000e0900000)
  object space 64000K, 25% used [0x00000000a1c00000,0x00000000a2baf788,0x00000000a5a80000)
 PSPermGen       total 21504K, used 8490K [0x000000009ca00000, 0x000000009df00000, 0x00000000a1c00000)
  object space 21504K, 39% used [0x000000009ca00000,0x000000009d24a970,0x000000009df00000)
}
Event: 4.026 GC heap before
{Heap before GC invocations=2 (full 0):
 PSYoungGen      total 28672K, used 28662K [0x00000000e0900000, 0x00000000e4100000, 0x0000000100000000)
  eden space 25088K, 100% used [0x00000000e0900000,0x00000000e2180000,0x00000000e2180000)
  from space 3584K, 99% used [0x00000000e2180000,0x00000000e24fdb28,0x00000000e2500000)
  to   space 3584K, 0% used [0x00000000e3d80000,0x00000000e3d80000,0x00000000e4100000)
 ParOldGen       total 64000K, used 16061K [0x00000000a1c00000, 0x00000000a5a80000, 0x00000000e0900000)
  object space 64000K, 25% used [0x00000000a1c00000,0x00000000a2baf788,0x00000000a5a80000)
 PSPermGen       total 21504K, used 8542K [0x000000009ca00000, 0x000000009df00000, 0x00000000a1c00000)
  object space 21504K, 39% used [0x000000009ca00000,0x000000009d257b98,0x000000009df00000)
Event: 4.037 GC heap after
Heap after GC invocations=2 (full 0):
 PSYoungGen      total 53760K, used 3581K [0x00000000e0900000, 0x00000000e4100000, 0x0000000100000000)
  eden space 50176K, 0% used [0x00000000e0900000,0x00000000e0900000,0x00000000e3a00000)
  from space 3584K, 99% used [0x00000000e3d80000,0x00000000e40ff798,0x00000000e4100000)
  to   space 3584K, 0% used [0x00000000e3a00000,0x00000000e3a00000,0x00000000e3d80000)
 ParOldGen       total 64000K, used 24319K [0x00000000a1c00000, 0x00000000a5a80000, 0x00000000e0900000)
  object space 64000K, 37% used [0x00000000a1c00000,0x00000000a33bfe30,0x00000000a5a80000)
 PSPermGen       total 21504K, used 8542K [0x000000009ca00000, 0x000000009df00000, 0x00000000a1c00000)
  object space 21504K, 39% used [0x000000009ca00000,0x000000009d257b98,0x000000009df00000)
}

