# JRE version: Java(TM) SE Runtime Environment (7.0_45-b18) (build 1.7.0_45-b18)
# Java VM: Java HotSpot(TM) 64-Bit Server VM (24.45-b08 mixed mode windows-amd64 compressed oops)
Heap
 PSYoungGen      total 28672K, used 27972K [0x00000000e0100000, 0x00000000e2100000, 0x0000000100000000)
  eden space 24576K, 97% used [0x00000000e0100000,0x00000000e18668b0,0x00000000e1900000)
  from space 4096K, 97% used [0x00000000e1d00000,0x00000000e20ea820,0x00000000e2100000)
  to   space 4096K, 0% used [0x00000000e1900000,0x00000000e1900000,0x00000000e1d00000)
 ParOldGen       total 65024K, used 23724K [0x00000000a0400000, 0x00000000a4380000, 0x00000000e0100000)
  object space 65024K, 36% used [0x00000000a0400000,0x00000000a1b2b378,0x00000000a4380000)
 PSPermGen       total 21504K, used 9132K [0x000000009b200000, 0x000000009c700000, 0x00000000a0400000)
  object space 21504K, 42% used [0x000000009b200000,0x000000009baeb1e8,0x000000009c700000)
GC Heap History (4 events):
Event: 0.995 GC heap before
{Heap before GC invocations=1 (full 0):
 PSYoungGen      total 28672K, used 24576K [0x00000000e0100000, 0x00000000e2100000, 0x0000000100000000)
  eden space 24576K, 100% used [0x00000000e0100000,0x00000000e1900000,0x00000000e1900000)
  from space 4096K, 0% used [0x00000000e1d00000,0x00000000e1d00000,0x00000000e2100000)
  to   space 4096K, 0% used [0x00000000e1900000,0x00000000e1900000,0x00000000e1d00000)
 ParOldGen       total 65024K, used 0K [0x00000000a0400000, 0x00000000a4380000, 0x00000000e0100000)
  object space 65024K, 0% used [0x00000000a0400000,0x00000000a0400000,0x00000000a4380000)
 PSPermGen       total 21504K, used 8510K [0x000000009b200000, 0x000000009c700000, 0x00000000a0400000)
  object space 21504K, 39% used [0x000000009b200000,0x000000009ba4f858,0x000000009c700000)
Event: 1.002 GC heap after
Heap after GC invocations=1 (full 0):
 PSYoungGen      total 28672K, used 4091K [0x00000000e0100000, 0x00000000e2100000, 0x0000000100000000)
  eden space 24576K, 0% used [0x00000000e0100000,0x00000000e0100000,0x00000000e1900000)
  from space 4096K, 99% used [0x00000000e1900000,0x00000000e1cfef58,0x00000000e1d00000)
  to   space 4096K, 0% used [0x00000000e1d00000,0x00000000e1d00000,0x00000000e2100000)
 ParOldGen       total 65024K, used 10750K [0x00000000a0400000, 0x00000000a4380000, 0x00000000e0100000)
  object space 65024K, 16% used [0x00000000a0400000,0x00000000a0e7fb28,0x00000000a4380000)
 PSPermGen       total 21504K, used 8510K [0x000000009b200000, 0x000000009c700000, 0x00000000a0400000)
  object space 21504K, 39% used [0x000000009b200000,0x000000009ba4f858,0x000000009c700000)
}
Event: 1.553 GC heap before
{Heap before GC invocations=2 (full 0):
 PSYoungGen      total 28672K, used 28667K [0x00000000e0100000, 0x00000000e2100000, 0x0000000100000000)
  eden space 24576K, 100% used [0x00000000e0100000,0x00000000e1900000,0x00000000e1900000)
  from space 4096K, 99% used [0x00000000e1900000,0x00000000e1cfef58,0x00000000e1d00000)
  to   space 4096K, 0% used [0x00000000e1d00000,0x00000000e1d00000,0x00000000e2100000)
 ParOldGen       total 65024K, used 10750K [0x00000000a0400000, 0x00000000a4380000, 0x00000000e0100000)
  object space 65024K, 16% used [0x00000000a0400000,0x00000000a0e7fb28,0x00000000a4380000)
 PSPermGen       total 21504K, used 8554K [0x000000009b200000, 0x000000009c700000, 0x00000000a0400000)
  object space 21504K, 39% used [0x000000009b200000,0x000000009ba5a8e0,0x000000009c700000)
Event: 1.560 GC heap after
Heap after GC invocations=2 (full 0):
 PSYoungGen      total 28672K, used 4010K [0x00000000e0100000, 0x00000000e2100000, 0x0000000100000000)
  eden space 24576K, 0% used [0x00000000e0100000,0x00000000e0100000,0x00000000e1900000)
  from space 4096K, 97% used [0x00000000e1d00000,0x00000000e20ea820,0x00000000e2100000)
  to   space 4096K, 0% used [0x00000000e1900000,0x00000000e1900000,0x00000000e1d00000)
 ParOldGen       total 65024K, used 23724K [0x00000000a0400000, 0x00000000a4380000, 0x00000000e0100000)
  object space 65024K, 36% used [0x00000000a0400000,0x00000000a1b2b378,0x00000000a4380000)
 PSPermGen       total 21504K, used 8554K [0x000000009b200000, 0x000000009c700000, 0x00000000a0400000)
  object space 21504K, 39% used [0x000000009b200000,0x000000009ba5a8e0,0x000000009c700000)
}

